0 info it worked if it ends with ok
1 verbose cli [ '/Users/damons/.nvm/versions/node/v6.3.1/bin/node',
1 verbose cli   '/Users/damons/.nvm/versions/node/v6.3.1/bin/npm',
1 verbose cli   'run',
1 verbose cli   'test' ]
2 info using npm@3.10.3
3 info using node@v6.3.1
4 verbose run-script [ 'pretest', 'test', 'posttest' ]
5 info lifecycle types-test-gulp-tslint@1.0.0~pretest: types-test-gulp-tslint@1.0.0
6 silly lifecycle types-test-gulp-tslint@1.0.0~pretest: no script for pretest, continuing
7 info lifecycle types-test-gulp-tslint@1.0.0~test: types-test-gulp-tslint@1.0.0
8 verbose lifecycle types-test-gulp-tslint@1.0.0~test: unsafe-perm in lifecycle true
9 verbose lifecycle types-test-gulp-tslint@1.0.0~test: PATH: /Users/damons/.nvm/versions/node/v6.3.1/lib/node_modules/npm/bin/node-gyp-bin:/Users/damons/Work/Sportsbet/types-test-gulp-tslint/node_modules/.bin:/Users/damons/.nvm/versions/node/v6.3.1/bin:/Users/damons/.nvm/versions/node/v6.3.1/bin:/usr/local/bin:/usr/bin:/bin:/usr/sbin:/sbin:/opt/X11/bin:/Users/damons/.nvm/versions/node/v6.3.1/bin:/Users/damons/bin:/Users/damons/.rvm/bin
10 verbose lifecycle types-test-gulp-tslint@1.0.0~test: CWD: /Users/damons/Work/Sportsbet/types-test-gulp-tslint
11 silly lifecycle types-test-gulp-tslint@1.0.0~test: Args: [ '-c', 'gulp' ]
12 silly lifecycle types-test-gulp-tslint@1.0.0~test: Returned: code: 1  signal: null
13 info lifecycle types-test-gulp-tslint@1.0.0~test: Failed to exec test script
14 verbose stack Error: types-test-gulp-tslint@1.0.0 test: `gulp`
14 verbose stack Exit status 1
14 verbose stack     at EventEmitter.<anonymous> (/Users/damons/.nvm/versions/node/v6.3.1/lib/node_modules/npm/lib/utils/lifecycle.js:242:16)
14 verbose stack     at emitTwo (events.js:106:13)
14 verbose stack     at EventEmitter.emit (events.js:191:7)
14 verbose stack     at ChildProcess.<anonymous> (/Users/damons/.nvm/versions/node/v6.3.1/lib/node_modules/npm/lib/utils/spawn.js:40:14)
14 verbose stack     at emitTwo (events.js:106:13)
14 verbose stack     at ChildProcess.emit (events.js:191:7)
14 verbose stack     at maybeClose (internal/child_process.js:852:16)
14 verbose stack     at Process.ChildProcess._handle.onexit (internal/child_process.js:215:5)
15 verbose pkgid types-test-gulp-tslint@1.0.0
16 verbose cwd /Users/damons/Work/Sportsbet/types-test-gulp-tslint
17 error Darwin 16.5.0
18 error argv "/Users/damons/.nvm/versions/node/v6.3.1/bin/node" "/Users/damons/.nvm/versions/node/v6.3.1/bin/npm" "run" "test"
19 error node v6.3.1
20 error npm  v3.10.3
21 error code ELIFECYCLE
22 error types-test-gulp-tslint@1.0.0 test: `gulp`
22 error Exit status 1
23 error Failed at the types-test-gulp-tslint@1.0.0 test script 'gulp'.
23 error Make sure you have the latest version of node.js and npm installed.
23 error If you do, this is most likely a problem with the types-test-gulp-tslint package,
23 error not with npm itself.
23 error Tell the author that this fails on your system:
23 error     gulp
23 error You can get information on how to open an issue for this project with:
23 error     npm bugs types-test-gulp-tslint
23 error Or if that isn't available, you can get their info via:
23 error     npm owner ls types-test-gulp-tslint
23 error There is likely additional logging output above.
24 verbose exit [ 1, true ]
